[0421/161958.472:WARNING:dns_config_service_win.cc(700)] Failed to read DnsConfig.
[0421/161958.489:WARNING:dns_config_service_win.cc(700)] Failed to read DnsConfig.
[0501/090305.776:ERROR:backend_impl.cc(1041)] Critical error found -8
[0501/090305.777:ERROR:entry_impl.cc(1076)] No file for c1030744
[0501/090305.777:WARNING:storage_block-inl.h(146)] Failed data load.
[0501/090305.777:WARNING:storage_block-inl.h(146)] Failed data load.
[0501/090305.777:WARNING:storage_block-inl.h(146)] Failed data load.
[0501/090305.777:WARNING:storage_block-inl.h(146)] Failed data load.
[0501/090305.777:ERROR:entry_impl.cc(1076)] No file for c1030740
[0501/090305.777:WARNING:storage_block-inl.h(146)] Failed data load.
[0501/090305.777:WARNING:storage_block-inl.h(146)] Failed data load.
[0501/090305.777:WARNING:storage_block-inl.h(146)] Failed data load.
[0501/090305.777:WARNING:storage_block-inl.h(146)] Failed data load.
[0501/090305.777:ERROR:entry_impl.cc(1076)] No file for c1030742
[0501/090305.777:WARNING:storage_block-inl.h(146)] Failed data load.
[0501/090305.778:WARNING:storage_block-inl.h(146)] Failed data load.
[0501/090305.778:WARNING:storage_block-inl.h(146)] Failed data load.
[0501/090320.187:WARNING:spdy_session.cc(3365)] Received HEADERS for invalid stream 9
[0501/090320.193:WARNING:spdy_session.cc(3365)] Received HEADERS for invalid stream 29
[0502/114900.915:ERROR:os_crypt_win.cc(92)] Failed to decrypt: Key not valid for use in specified state. (0x8009000B)
[0502/114905.247:WARNING:value_store_frontend.cc(44)] Reading mhjfbmdgcfjbbpaeojofohoefgiehjai.alarms from  failed: IO error: .../MANIFEST-000001: Unable to create sequential file (ChromeMethodBFE: 7::NewSequentialFile::1)
[0502/114938.152:WARNING:used_ids.h(55)] Duplicate id found. Reassigning from 104 to 127
[0502/114938.152:WARNING:used_ids.h(55)] Duplicate id found. Reassigning from 103 to 125
[0502/114938.152:WARNING:used_ids.h(55)] Duplicate id found. Reassigning from 1 to 14
[0502/114938.152:WARNING:used_ids.h(55)] Duplicate id found. Reassigning from 3 to 13
[0502/114938.152:WARNING:used_ids.h(55)] Duplicate id found. Reassigning from 5 to 12
[0502/114938.152:WARNING:used_ids.h(55)] Duplicate id found. Reassigning from 6 to 11
[0502/114938.152:ERROR:audio_rtp_receiver.cc(89)] AudioRtpReceiver::OnSetVolume: No audio channel exists.
[0502/114941.984:ERROR:audio_rtp_receiver.cc(89)] AudioRtpReceiver::OnSetVolume: No audio channel exists.
[0502/114941.984:WARNING:used_ids.h(55)] Duplicate id found. Reassigning from 104 to 127
[0502/114941.984:WARNING:used_ids.h(55)] Duplicate id found. Reassigning from 102 to 125
[0502/114941.984:WARNING:used_ids.h(55)] Duplicate id found. Reassigning from 104 to 124
[0502/114941.984:WARNING:used_ids.h(55)] Duplicate id found. Reassigning from 106 to 123
[0502/114941.985:WARNING:used_ids.h(55)] Duplicate id found. Reassigning from 103 to 122
[0502/114941.985:WARNING:used_ids.h(55)] Duplicate id found. Reassigning from 105 to 121
[0502/114941.985:WARNING:used_ids.h(55)] Duplicate id found. Reassigning from 109 to 120
[0502/114941.985:WARNING:used_ids.h(55)] Duplicate id found. Reassigning from 1 to 14
[0502/114941.985:WARNING:used_ids.h(55)] Duplicate id found. Reassigning from 3 to 13
[0502/114941.985:WARNING:used_ids.h(55)] Duplicate id found. Reassigning from 5 to 12
[0502/114941.985:WARNING:used_ids.h(55)] Duplicate id found. Reassigning from 6 to 11
[0502/114946.733:ERROR:audio_rtp_receiver.cc(89)] AudioRtpReceiver::OnSetVolume: No audio channel exists.
[0502/114946.733:WARNING:used_ids.h(55)] Duplicate id found. Reassigning from 104 to 127
[0502/114946.733:WARNING:used_ids.h(55)] Duplicate id found. Reassigning from 102 to 125
[0502/114946.733:WARNING:used_ids.h(55)] Duplicate id found. Reassigning from 104 to 124
[0502/114946.733:WARNING:used_ids.h(55)] Duplicate id found. Reassigning from 106 to 123
[0502/114946.733:WARNING:used_ids.h(55)] Duplicate id found. Reassigning from 103 to 122
[0502/114946.733:WARNING:used_ids.h(55)] Duplicate id found. Reassigning from 105 to 121
[0502/114946.733:WARNING:used_ids.h(55)] Duplicate id found. Reassigning from 109 to 120
[0502/114946.733:WARNING:used_ids.h(55)] Duplicate id found. Reassigning from 1 to 14
[0502/114946.733:WARNING:used_ids.h(55)] Duplicate id found. Reassigning from 3 to 13
[0502/114946.733:WARNING:used_ids.h(55)] Duplicate id found. Reassigning from 5 to 12
[0502/114946.733:WARNING:used_ids.h(55)] Duplicate id found. Reassigning from 6 to 11
[0502/114958.266:ERROR:audio_rtp_receiver.cc(89)] AudioRtpReceiver::OnSetVolume: No audio channel exists.
[0502/114958.266:WARNING:used_ids.h(55)] Duplicate id found. Reassigning from 104 to 127
[0502/114958.266:WARNING:used_ids.h(55)] Duplicate id found. Reassigning from 102 to 125
[0502/114958.266:WARNING:used_ids.h(55)] Duplicate id found. Reassigning from 104 to 124
[0502/114958.266:WARNING:used_ids.h(55)] Duplicate id found. Reassigning from 106 to 123
[0502/114958.266:WARNING:used_ids.h(55)] Duplicate id found. Reassigning from 103 to 122
[0502/114958.266:WARNING:used_ids.h(55)] Duplicate id found. Reassigning from 105 to 121
[0502/114958.266:WARNING:used_ids.h(55)] Duplicate id found. Reassigning from 109 to 120
[0502/114958.266:WARNING:used_ids.h(55)] Duplicate id found. Reassigning from 1 to 14
[0502/114958.266:WARNING:used_ids.h(55)] Duplicate id found. Reassigning from 3 to 13
[0502/114958.266:WARNING:used_ids.h(55)] Duplicate id found. Reassigning from 5 to 12
[0502/114958.267:WARNING:used_ids.h(55)] Duplicate id found. Reassigning from 6 to 11
[0502/115003.810:ERROR:audio_rtp_receiver.cc(89)] AudioRtpReceiver::OnSetVolume: No audio channel exists.
[0502/115003.810:WARNING:used_ids.h(55)] Duplicate id found. Reassigning from 104 to 127
[0502/115003.810:WARNING:used_ids.h(55)] Duplicate id found. Reassigning from 102 to 125
[0502/115003.810:WARNING:used_ids.h(55)] Duplicate id found. Reassigning from 104 to 124
[0502/115003.810:WARNING:used_ids.h(55)] Duplicate id found. Reassigning from 106 to 123
[0502/115003.810:WARNING:used_ids.h(55)] Duplicate id found. Reassigning from 103 to 122
[0502/115003.810:WARNING:used_ids.h(55)] Duplicate id found. Reassigning from 105 to 121
[0502/115003.810:WARNING:used_ids.h(55)] Duplicate id found. Reassigning from 109 to 120
[0502/115003.810:WARNING:used_ids.h(55)] Duplicate id found. Reassigning from 1 to 14
[0502/115003.810:WARNING:used_ids.h(55)] Duplicate id found. Reassigning from 3 to 13
[0502/115003.810:WARNING:used_ids.h(55)] Duplicate id found. Reassigning from 5 to 12
[0502/115003.810:WARNING:used_ids.h(55)] Duplicate id found. Reassigning from 6 to 11
[0502/115009.072:ERROR:audio_rtp_receiver.cc(89)] AudioRtpReceiver::OnSetVolume: No audio channel exists.
[0502/115009.072:WARNING:used_ids.h(55)] Duplicate id found. Reassigning from 104 to 127
[0502/115009.072:WARNING:used_ids.h(55)] Duplicate id found. Reassigning from 102 to 125
[0502/115009.072:WARNING:used_ids.h(55)] Duplicate id found. Reassigning from 104 to 124
[0502/115009.072:WARNING:used_ids.h(55)] Duplicate id found. Reassigning from 106 to 123
[0502/115009.072:WARNING:used_ids.h(55)] Duplicate id found. Reassigning from 103 to 122
[0502/115009.072:WARNING:used_ids.h(55)] Duplicate id found. Reassigning from 105 to 121
[0502/115009.072:WARNING:used_ids.h(55)] Duplicate id found. Reassigning from 109 to 120
[0502/115009.072:WARNING:used_ids.h(55)] Duplicate id found. Reassigning from 1 to 14
[0502/115009.072:WARNING:used_ids.h(55)] Duplicate id found. Reassigning from 3 to 13
[0502/115009.072:WARNING:used_ids.h(55)] Duplicate id found. Reassigning from 5 to 12
[0502/115009.072:WARNING:used_ids.h(55)] Duplicate id found. Reassigning from 6 to 11
[0502/115011.958:ERROR:audio_rtp_receiver.cc(89)] AudioRtpReceiver::OnSetVolume: No audio channel exists.
[0502/115011.958:WARNING:used_ids.h(55)] Duplicate id found. Reassigning from 104 to 127
[0502/115011.958:WARNING:used_ids.h(55)] Duplicate id found. Reassigning from 102 to 125
[0502/115011.958:WARNING:used_ids.h(55)] Duplicate id found. Reassigning from 104 to 124
[0502/115011.958:WARNING:used_ids.h(55)] Duplicate id found. Reassigning from 106 to 123
[0502/115011.958:WARNING:used_ids.h(55)] Duplicate id found. Reassigning from 103 to 122
[0502/115011.958:WARNING:used_ids.h(55)] Duplicate id found. Reassigning from 105 to 121
[0502/115011.958:WARNING:used_ids.h(55)] Duplicate id found. Reassigning from 109 to 120
[0502/115011.958:WARNING:used_ids.h(55)] Duplicate id found. Reassigning from 1 to 14
[0502/115011.958:WARNING:used_ids.h(55)] Duplicate id found. Reassigning from 3 to 13
[0502/115011.958:WARNING:used_ids.h(55)] Duplicate id found. Reassigning from 5 to 12
[0502/115011.958:WARNING:used_ids.h(55)] Duplicate id found. Reassigning from 6 to 11
[0502/115016.753:ERROR:audio_rtp_receiver.cc(89)] AudioRtpReceiver::OnSetVolume: No audio channel exists.
[0502/115016.753:WARNING:used_ids.h(55)] Duplicate id found. Reassigning from 104 to 127
[0502/115016.753:WARNING:used_ids.h(55)] Duplicate id found. Reassigning from 102 to 125
[0502/115016.753:WARNING:used_ids.h(55)] Duplicate id found. Reassigning from 104 to 124
[0502/115016.753:WARNING:used_ids.h(55)] Duplicate id found. Reassigning from 106 to 123
[0502/115016.753:WARNING:used_ids.h(55)] Duplicate id found. Reassigning from 103 to 122
[0502/115016.753:WARNING:used_ids.h(55)] Duplicate id found. Reassigning from 105 to 121
[0502/115016.753:WARNING:used_ids.h(55)] Duplicate id found. Reassigning from 109 to 120
[0502/115016.753:WARNING:used_ids.h(55)] Duplicate id found. Reassigning from 1 to 14
[0502/115016.753:WARNING:used_ids.h(55)] Duplicate id found. Reassigning from 3 to 13
[0502/115016.753:WARNING:used_ids.h(55)] Duplicate id found. Reassigning from 5 to 12
[0502/115016.753:WARNING:used_ids.h(55)] Duplicate id found. Reassigning from 6 to 11
[0502/115019.507:ERROR:audio_rtp_receiver.cc(89)] AudioRtpReceiver::OnSetVolume: No audio channel exists.
[0502/115019.508:WARNING:used_ids.h(55)] Duplicate id found. Reassigning from 104 to 127
[0502/115019.508:WARNING:used_ids.h(55)] Duplicate id found. Reassigning from 102 to 125
[0502/115019.508:WARNING:used_ids.h(55)] Duplicate id found. Reassigning from 104 to 124
[0502/115019.508:WARNING:used_ids.h(55)] Duplicate id found. Reassigning from 106 to 123
[0502/115019.508:WARNING:used_ids.h(55)] Duplicate id found. Reassigning from 103 to 122
[0502/115019.508:WARNING:used_ids.h(55)] Duplicate id found. Reassigning from 105 to 121
[0502/115019.508:WARNING:used_ids.h(55)] Duplicate id found. Reassigning from 109 to 120
[0502/115019.508:WARNING:used_ids.h(55)] Duplicate id found. Reassigning from 1 to 14
[0502/115019.508:WARNING:used_ids.h(55)] Duplicate id found. Reassigning from 3 to 13
[0502/115019.508:WARNING:used_ids.h(55)] Duplicate id found. Reassigning from 5 to 12
[0502/115019.508:WARNING:used_ids.h(55)] Duplicate id found. Reassigning from 6 to 11
[0502/115032.577:ERROR:audio_rtp_receiver.cc(89)] AudioRtpReceiver::OnSetVolume: No audio channel exists.
[0502/115032.577:WARNING:used_ids.h(55)] Duplicate id found. Reassigning from 104 to 127
[0502/115032.577:WARNING:used_ids.h(55)] Duplicate id found. Reassigning from 102 to 125
[0502/115032.577:WARNING:used_ids.h(55)] Duplicate id found. Reassigning from 104 to 124
[0502/115032.577:WARNING:used_ids.h(55)] Duplicate id found. Reassigning from 106 to 123
[0502/115032.577:WARNING:used_ids.h(55)] Duplicate id found. Reassigning from 103 to 122
[0502/115032.577:WARNING:used_ids.h(55)] Duplicate id found. Reassigning from 105 to 121
[0502/115032.577:WARNING:used_ids.h(55)] Duplicate id found. Reassigning from 109 to 120
[0502/115032.577:WARNING:used_ids.h(55)] Duplicate id found. Reassigning from 1 to 14
[0502/115032.577:WARNING:used_ids.h(55)] Duplicate id found. Reassigning from 3 to 13
[0502/115032.577:WARNING:used_ids.h(55)] Duplicate id found. Reassigning from 5 to 12
[0502/115032.577:WARNING:used_ids.h(55)] Duplicate id found. Reassigning from 6 to 11
[0502/115046.093:WARNING:used_ids.h(55)] Duplicate id found. Reassigning from 104 to 127
[0502/115046.093:WARNING:used_ids.h(55)] Duplicate id found. Reassigning from 102 to 125
[0502/115046.093:WARNING:used_ids.h(55)] Duplicate id found. Reassigning from 104 to 124
[0502/115046.093:WARNING:used_ids.h(55)] Duplicate id found. Reassigning from 106 to 123
[0502/115046.093:WARNING:used_ids.h(55)] Duplicate id found. Reassigning from 103 to 122
[0502/115046.093:WARNING:used_ids.h(55)] Duplicate id found. Reassigning from 105 to 121
[0502/115046.093:WARNING:used_ids.h(55)] Duplicate id found. Reassigning from 109 to 120
[0502/115046.093:WARNING:used_ids.h(55)] Duplicate id found. Reassigning from 1 to 14
[0502/115046.093:WARNING:used_ids.h(55)] Duplicate id found. Reassigning from 3 to 13
[0502/115046.093:WARNING:used_ids.h(55)] Duplicate id found. Reassigning from 5 to 12
[0502/115046.093:WARNING:used_ids.h(55)] Duplicate id found. Reassigning from 6 to 11
[0502/115046.093:ERROR:audio_rtp_receiver.cc(89)] AudioRtpReceiver::OnSetVolume: No audio channel exists.
[0502/133755.152:WARNING:value_store_frontend.cc(44)] Reading mhjfbmdgcfjbbpaeojofohoefgiehjai.alarms from  failed: IO error: .../MANIFEST-000001: Unable to create sequential file (ChromeMethodBFE: 7::NewSequentialFile::1)
[0502/133907.484:WARNING:used_ids.h(55)] Duplicate id found. Reassigning from 104 to 127
[0502/133907.484:WARNING:used_ids.h(55)] Duplicate id found. Reassigning from 103 to 125
[0502/133907.484:WARNING:used_ids.h(55)] Duplicate id found. Reassigning from 1 to 14
[0502/133907.484:WARNING:used_ids.h(55)] Duplicate id found. Reassigning from 3 to 13
[0502/133907.484:WARNING:used_ids.h(55)] Duplicate id found. Reassigning from 5 to 12
[0502/133907.484:WARNING:used_ids.h(55)] Duplicate id found. Reassigning from 6 to 11
[0502/133907.484:ERROR:audio_rtp_receiver.cc(89)] AudioRtpReceiver::OnSetVolume: No audio channel exists.
[0502/133924.632:ERROR:audio_rtp_receiver.cc(89)] AudioRtpReceiver::OnSetVolume: No audio channel exists.
[0502/133924.632:WARNING:used_ids.h(55)] Duplicate id found. Reassigning from 104 to 127
[0502/133924.632:WARNING:used_ids.h(55)] Duplicate id found. Reassigning from 102 to 125
[0502/133924.632:WARNING:used_ids.h(55)] Duplicate id found. Reassigning from 104 to 124
[0502/133924.632:WARNING:used_ids.h(55)] Duplicate id found. Reassigning from 106 to 123
[0502/133924.632:WARNING:used_ids.h(55)] Duplicate id found. Reassigning from 103 to 122
[0502/133924.632:WARNING:used_ids.h(55)] Duplicate id found. Reassigning from 105 to 121
[0502/133924.632:WARNING:used_ids.h(55)] Duplicate id found. Reassigning from 109 to 120
[0502/133924.632:WARNING:used_ids.h(55)] Duplicate id found. Reassigning from 1 to 14
[0502/133924.632:WARNING:used_ids.h(55)] Duplicate id found. Reassigning from 3 to 13
[0502/133924.632:WARNING:used_ids.h(55)] Duplicate id found. Reassigning from 5 to 12
[0502/133924.632:WARNING:used_ids.h(55)] Duplicate id found. Reassigning from 6 to 11
[0502/133929.216:ERROR:audio_rtp_receiver.cc(89)] AudioRtpReceiver::OnSetVolume: No audio channel exists.
[0502/133929.216:WARNING:used_ids.h(55)] Duplicate id found. Reassigning from 104 to 127
[0502/133929.216:WARNING:used_ids.h(55)] Duplicate id found. Reassigning from 102 to 125
[0502/133929.216:WARNING:used_ids.h(55)] Duplicate id found. Reassigning from 104 to 124
[0502/133929.216:WARNING:used_ids.h(55)] Duplicate id found. Reassigning from 106 to 123
[0502/133929.216:WARNING:used_ids.h(55)] Duplicate id found. Reassigning from 103 to 122
[0502/133929.216:WARNING:used_ids.h(55)] Duplicate id found. Reassigning from 105 to 121
[0502/133929.216:WARNING:used_ids.h(55)] Duplicate id found. Reassigning from 109 to 120
[0502/133929.216:WARNING:used_ids.h(55)] Duplicate id found. Reassigning from 1 to 14
[0502/133929.216:WARNING:used_ids.h(55)] Duplicate id found. Reassigning from 3 to 13
[0502/133929.216:WARNING:used_ids.h(55)] Duplicate id found. Reassigning from 5 to 12
[0502/133929.216:WARNING:used_ids.h(55)] Duplicate id found. Reassigning from 6 to 11
[0502/134035.475:ERROR:audio_rtp_receiver.cc(89)] AudioRtpReceiver::OnSetVolume: No audio channel exists.
[0502/134035.475:WARNING:used_ids.h(55)] Duplicate id found. Reassigning from 104 to 127
[0502/134035.475:WARNING:used_ids.h(55)] Duplicate id found. Reassigning from 102 to 125
[0502/134035.475:WARNING:used_ids.h(55)] Duplicate id found. Reassigning from 104 to 124
[0502/134035.475:WARNING:used_ids.h(55)] Duplicate id found. Reassigning from 106 to 123
[0502/134035.475:WARNING:used_ids.h(55)] Duplicate id found. Reassigning from 103 to 122
[0502/134035.475:WARNING:used_ids.h(55)] Duplicate id found. Reassigning from 105 to 121
[0502/134035.475:WARNING:used_ids.h(55)] Duplicate id found. Reassigning from 109 to 120
[0502/134035.475:WARNING:used_ids.h(55)] Duplicate id found. Reassigning from 1 to 14
[0502/134035.475:WARNING:used_ids.h(55)] Duplicate id found. Reassigning from 3 to 13
[0502/134035.475:WARNING:used_ids.h(55)] Duplicate id found. Reassigning from 5 to 12
[0502/134035.475:WARNING:used_ids.h(55)] Duplicate id found. Reassigning from 6 to 11
[0502/134052.623:ERROR:batching_media_log.cc(38)] MediaEvent: {"error":"FFmpegDemuxer: no supported streams"}
[0502/134052.624:ERROR:batching_media_log.cc(35)] MediaEvent: {"pipeline_error":14}
[0502/134053.290:ERROR:batching_media_log.cc(38)] MediaEvent: {"error":"FFmpegDemuxer: no supported streams"}
[0502/134053.290:ERROR:batching_media_log.cc(35)] MediaEvent: {"pipeline_error":14}
[0502/143929.721:ERROR:dns_config_service_win.cc(793)] DNS config watch failed.
[0502/143929.721:ERROR:dns_config_service_win.cc(793)] DNS config watch failed.
